Determining if the include file pthread.h exists failed with the following output:
Change Dir: D:/Git/lab-06-multithreads/cmake-build-debug/CMakeFiles/CMakeTmp

Run Build Command(s):nmake /nologo cmTC_c6d80\fast && 	"D:\Microsoft Visual Studio\2017\Community\VC\Tools\MSVC\14.16.27023\bin\HostX86\x86\nmake.exe" -f CMakeFiles\cmTC_c6d80.dir\build.make /nologo -L                  CMakeFiles\cmTC_c6d80.dir\build
Building C object CMakeFiles/cmTC_c6d80.dir/CheckIncludeFile.c.obj
	D:\MICROS~1\2017\COMMUN~1\VC\Tools\MSVC\1416~1.270\bin\Hostx86\x86\cl.exe @D:\Temp\nm61BF.tmp
CheckIncludeFile.c
D:\Git\lab-06-multithreads\cmake-build-debug\CMakeFiles\CMakeTmp\CheckIncludeFile.c(1): fatal error C1083: Не удается открыть файл включение: pthread.h: No such file or directory,
NMAKE : fatal error U1077: D:\MICROS~1\2017\COMMUN~1\VC\Tools\MSVC\1416~1.270\bin\Hostx86\x86\cl.exe : тючтЁр∙хээ√щ ъюф "0x2"
Stop.
NMAKE : fatal error U1077: "D:\Microsoft Visual Studio\2017\Community\VC\Tools\MSVC\14.16.27023\bin\HostX86\x86\nmake.exe" : тючтЁр∙хээ√щ ъюф "0x2"
Stop.



Determining if the clock_gettime exist failed with the following output:
Change Dir: D:/Git/lab-06-multithreads/cmake-build-debug/CMakeFiles/CMakeTmp

Run Build Command(s):nmake /nologo cmTC_696a6\fast && 	"D:\Microsoft Visual Studio\2017\Community\VC\Tools\MSVC\14.16.27023\bin\HostX86\x86\nmake.exe" -f CMakeFiles\cmTC_696a6.dir\build.make /nologo -L                  CMakeFiles\cmTC_696a6.dir\build
Building CXX object CMakeFiles/cmTC_696a6.dir/CheckSymbolExists.cxx.obj
	D:\MICROS~1\2017\COMMUN~1\VC\Tools\MSVC\1416~1.270\bin\Hostx86\x86\cl.exe @D:\Temp\nm675B.tmp
cl: командная строка error D8021: недопустимый числовой аргумент "/Werror"
NMAKE : fatal error U1077: D:\MICROS~1\2017\COMMUN~1\VC\Tools\MSVC\1416~1.270\bin\Hostx86\x86\cl.exe : тючтЁр∙хээ√щ ъюф "0x2"
Stop.
NMAKE : fatal error U1077: "D:\Microsoft Visual Studio\2017\Community\VC\Tools\MSVC\14.16.27023\bin\HostX86\x86\nmake.exe" : тючтЁр∙хээ√щ ъюф "0x2"
Stop.


File D:/Git/lab-06-multithreads/cmake-build-debug/CMakeFiles/CMakeTmp/CheckSymbolExists.cxx:
/* */
#include <time.h>

int main(int argc, char** argv)
{
  (void)argv;
#ifndef clock_gettime
  return ((int*)(&clock_gettime))[argc];
#else
  (void)argc;
  return 0;
#endif
}

Determining if the function clock_gettime exists in the rt failed with the following output:
Change Dir: D:/Git/lab-06-multithreads/cmake-build-debug/CMakeFiles/CMakeTmp

Run Build Command(s):nmake /nologo cmTC_05bd1\fast && 	"D:\Microsoft Visual Studio\2017\Community\VC\Tools\MSVC\14.16.27023\bin\HostX86\x86\nmake.exe" -f CMakeFiles\cmTC_05bd1.dir\build.make /nologo -L                  CMakeFiles\cmTC_05bd1.dir\build
Building C object CMakeFiles/cmTC_05bd1.dir/CheckFunctionExists.c.obj
	D:\MICROS~1\2017\COMMUN~1\VC\Tools\MSVC\1416~1.270\bin\Hostx86\x86\cl.exe @D:\Temp\nm68F0.tmp
CheckFunctionExists.c
Linking C executable cmTC_05bd1.exe
	"D:\CLion 2019.2.3\bin\cmake\win\bin\cmake.exe" -E vs_link_exe --intdir=CMakeFiles\cmTC_05bd1.dir --rc=C:\PROGRA~2\WI3CF2~1\10\bin\100177~1.0\x86\rc.exe --mt=C:\PROGRA~2\WI3CF2~1\10\bin\100177~1.0\x86\mt.exe --manifests  -- D:\MICROS~1\2017\COMMUN~1\VC\Tools\MSVC\1416~1.270\bin\Hostx86\x86\link.exe /nologo @CMakeFiles\cmTC_05bd1.dir\objects1.rsp @D:\Temp\nm69EB.tmp
LINK Pass 1: command "D:\MICROS~1\2017\COMMUN~1\VC\Tools\MSVC\1416~1.270\bin\Hostx86\x86\link.exe /nologo @CMakeFiles\cmTC_05bd1.dir\objects1.rsp /out:cmTC_05bd1.exe /implib:cmTC_05bd1.lib /pdb:D:\Git\lab-06-multithreads\cmake-build-debug\CMakeFiles\CMakeTmp\cmTC_05bd1.pdb /version:0.0 /machine:X86 /debug /INCREMENTAL /subsystem:console rt.lib kernel32.lib user32.lib gdi32.lib winspool.lib shell32.lib ole32.lib oleaut32.lib uuid.lib comdlg32.lib advapi32.lib /MANIFEST /MANIFESTFILE:CMakeFiles\cmTC_05bd1.dir/intermediate.manifest CMakeFiles\cmTC_05bd1.dir/manifest.res" failed (exit code 1104) with the following output:
LINK : fatal error LNK1104: эх єфрхЄё  юЄъЁ√Є№ Їрщы "rt.lib"
NMAKE : fatal error U1077: "D:\CLion 2019.2.3\bin\cmake\win\bin\cmake.exe" : тючтЁр∙хээ√щ ъюф "0xffffffff"
Stop.
NMAKE : fatal error U1077: "D:\Microsoft Visual Studio\2017\Community\VC\Tools\MSVC\14.16.27023\bin\HostX86\x86\nmake.exe" : тючтЁр∙хээ√щ ъюф "0x2"
Stop.



